c:\users\hengyuan\documents\chris\rgbd_mapping_and_relocalisation\build\rgbd.dir\debug\vc140.pdb
c:\users\hengyuan\documents\chris\rgbd_mapping_and_relocalisation\build\rgbd.dir\debug\videosourcekinect.obj
c:\users\hengyuan\documents\chris\rgbd_mapping_and_relocalisation\build\rgbd.dir\debug\rgbdframe.obj
c:\users\hengyuan\documents\chris\rgbd_mapping_and_relocalisation\build\rgbd.dir\debug\kinfutracker.obj
c:\users\hengyuan\documents\chris\rgbd_mapping_and_relocalisation\build\rgbd.dir\debug\glutil.obj
c:\users\hengyuan\documents\chris\rgbd_mapping_and_relocalisation\build\rgbd.dir\debug\cubicgrids.obj
c:\users\hengyuan\documents\chris\rgbd_mapping_and_relocalisation\build\rgbd.dir\debug\camera.obj
c:\users\hengyuan\documents\chris\rgbd_mapping_and_relocalisation\build\cmakefiles\rgbd.dir\rgbd\debug\rgbd_generated_cudalib.cu.obj
c:\users\hengyuan\documents\chris\rgbd_mapping_and_relocalisation\build\cmakefiles\rgbd.dir\rgbd\debug\rgbd_generated_featurevolume.cu.obj
c:\users\hengyuan\documents\chris\rgbd_mapping_and_relocalisation\build\cmakefiles\rgbd.dir\rgbd\debug\rgbd_generated_icpframe2frame.cu.obj
c:\users\hengyuan\documents\chris\rgbd_mapping_and_relocalisation\build\cmakefiles\rgbd.dir\rgbd\debug\rgbd_generated_kinfutracker.cu.obj
c:\users\hengyuan\documents\chris\rgbd_mapping_and_relocalisation\build\cmakefiles\rgbd.dir\rgbd\debug\rgbd_generated_marchingcubes.cu.obj
c:\users\hengyuan\documents\chris\rgbd_mapping_and_relocalisation\build\cmakefiles\rgbd.dir\rgbd\debug\rgbd_generated_normal.cu.obj
c:\users\hengyuan\documents\chris\rgbd_mapping_and_relocalisation\build\cmakefiles\rgbd.dir\rgbd\debug\rgbd_generated_raycaster.cu.obj
c:\users\hengyuan\documents\chris\rgbd_mapping_and_relocalisation\build\cmakefiles\rgbd.dir\rgbd\debug\rgbd_generated_volume.cu.obj
c:\users\hengyuan\documents\chris\rgbd_mapping_and_relocalisation\build\cmakefiles\generate.stamp
c:\users\hengyuan\documents\chris\rgbd_mapping_and_relocalisation\build\debug\rgbdd.pdb
c:\users\hengyuan\documents\chris\rgbd_mapping_and_relocalisation\build\rgbd.dir\debug\rgbd.tlog\cl.command.1.tlog
c:\users\hengyuan\documents\chris\rgbd_mapping_and_relocalisation\build\rgbd.dir\debug\rgbd.tlog\cl.read.1.tlog
c:\users\hengyuan\documents\chris\rgbd_mapping_and_relocalisation\build\rgbd.dir\debug\rgbd.tlog\cl.write.1.tlog
c:\users\hengyuan\documents\chris\rgbd_mapping_and_relocalisation\build\rgbd.dir\debug\rgbd.tlog\custombuild.command.1.tlog
c:\users\hengyuan\documents\chris\rgbd_mapping_and_relocalisation\build\rgbd.dir\debug\rgbd.tlog\custombuild.read.1.tlog
c:\users\hengyuan\documents\chris\rgbd_mapping_and_relocalisation\build\rgbd.dir\debug\rgbd.tlog\custombuild.write.1.tlog
c:\users\hengyuan\documents\chris\rgbd_mapping_and_relocalisation\build\rgbd.dir\debug\rgbd.tlog\link-cvtres.read.1.tlog
c:\users\hengyuan\documents\chris\rgbd_mapping_and_relocalisation\build\rgbd.dir\debug\rgbd.tlog\link-cvtres.write.1.tlog
c:\users\hengyuan\documents\chris\rgbd_mapping_and_relocalisation\build\rgbd.dir\debug\rgbd.tlog\link-rc.read.1.tlog
c:\users\hengyuan\documents\chris\rgbd_mapping_and_relocalisation\build\rgbd.dir\debug\rgbd.tlog\link-rc.write.1.tlog
c:\users\hengyuan\documents\chris\rgbd_mapping_and_relocalisation\build\rgbd.dir\debug\rgbd.tlog\link.command.1.tlog
c:\users\hengyuan\documents\chris\rgbd_mapping_and_relocalisation\build\rgbd.dir\debug\rgbd.tlog\link.read.1.tlog
c:\users\hengyuan\documents\chris\rgbd_mapping_and_relocalisation\build\rgbd.dir\debug\rgbd.tlog\link.write.1.tlog
